{
  "0 debug pnpm:scope": {
    "selected": 1
  },
  "1 debug pnpm:package-manifest": {
    "initial": {
      "name": "~TODO~",
      "version": "0.0.1",
      "scripts": {
        "dev": "svelte-kit dev",
        "build": "svelte-kit build",
        "preview": "svelte-kit preview",
        "lint": "prettier --check --plugin-search-dir=. . && eslint --ignore-path .gitignore .",
        "format": "prettier --write --plugin-search-dir=. ."
      },
      "devDependencies": {
        "@sveltejs/kit": "next",
        "@typescript-eslint/eslint-plugin": "^4.19.0",
        "@typescript-eslint/parser": "^4.19.0",
        "eslint": "^7.22.0",
        "eslint-config-prettier": "^8.1.0",
        "eslint-plugin-svelte3": "^3.2.0",
        "prettier": "~2.2.1",
        "prettier-plugin-svelte": "^2.2.0",
        "svelte": "^3.34.0",
        "svelte-preprocess": "^4.0.0",
        "tslib": "^2.0.0",
        "typescript": "^4.0.0"
      },
      "type": "module"
    },
    "prefix": "D:\\Dev\\nanofreaks\\legal"
  },
  "2 debug pnpm:context": {
    "currentLockfileExists": false,
    "storeDir": "D:\\.pnpm-store\\v3",
    "virtualStoreDir": "D:\\Dev\\nanofreaks\\legal\\node_modules\\.pnpm"
  },
  "3 debug pnpm:stage": {
    "prefix": "D:\\Dev\\nanofreaks\\legal",
    "stage": "resolution_started"
  },
  "4 debug pnpm:_dependency_resolved": {
    "resolution": "registry.npmjs.org/eslint-config-prettier/8.3.0",
    "wanted": {
      "dependentId": ".",
      "name": "eslint-config-prettier",
      "rawSpec": "^8.1.0"
    }
  },
  "5 debug pnpm:progress": {
    "packageId": "registry.npmjs.org/eslint-config-prettier/8.3.0",
    "requester": "D:\\Dev\\nanofreaks\\legal",
    "status": "resolved"
  },
  "6 debug pnpm:_dependency_resolved": {
    "resolution": "registry.npmjs.org/tslib/2.2.0",
    "wanted": {
      "dependentId": ".",
      "name": "tslib",
      "rawSpec": "^2.0.0"
    }
  },
  "7 debug pnpm:progress": {
    "packageId": "registry.npmjs.org/tslib/2.2.0",
    "requester": "D:\\Dev\\nanofreaks\\legal",
    "status": "resolved"
  },
  "8 debug pnpm:_dependency_resolved": {
    "resolution": "registry.npmjs.org/prettier/2.2.1",
    "wanted": {
      "dependentId": ".",
      "name": "prettier",
      "rawSpec": "~2.2.1"
    }
  },
  "9 debug pnpm:progress": {
    "packageId": "registry.npmjs.org/prettier/2.2.1",
    "requester": "D:\\Dev\\nanofreaks\\legal",
    "status": "resolved"
  },
  "10 debug pnpm:progress": {
    "packageId": "registry.npmjs.org/tslib/2.2.0",
    "requester": "D:\\Dev\\nanofreaks\\legal",
    "status": "found_in_store"
  },
  "11 debug pnpm:progress": {
    "packageId": "registry.npmjs.org/prettier/2.2.1",
    "requester": "D:\\Dev\\nanofreaks\\legal",
    "status": "found_in_store"
  },
  "12 debug pnpm:fetching-progress": {
    "attempt": 1,
    "packageId": "registry.npmjs.org/eslint-config-prettier/8.3.0",
    "size": 5345,
    "status": "started"
  },
  "13 debug pnpm:progress": {
    "packageId": "registry.npmjs.org/eslint-config-prettier/8.3.0",
    "requester": "D:\\Dev\\nanofreaks\\legal",
    "status": "fetched"
  },
  "14 debug pnpm:_dependency_resolved": {
    "resolution": "registry.npmjs.org/eslint/7.27.0",
    "wanted": {
      "dependentId": ".",
      "name": "eslint",
      "rawSpec": "^7.22.0"
    }
  },
  "15 debug pnpm:progress": {
    "packageId": "registry.npmjs.org/eslint/7.27.0",
    "requester": "D:\\Dev\\nanofreaks\\legal",
    "status": "resolved"
  },
  "16 debug pnpm:fetching-progress": {
    "attempt": 1,
    "packageId": "registry.npmjs.org/eslint/7.27.0",
    "size": 661702,
    "status": "started"
  },
  "17 debug pnpm:_dependency_resolved": {
    "resolution": "registry.npmjs.org/svelte/3.38.2",
    "wanted": {
      "dependentId": ".",
      "name": "svelte",
      "rawSpec": "^3.34.0"
    }
  },
  "18 debug pnpm:progress": {
    "packageId": "registry.npmjs.org/svelte/3.38.2",
    "requester": "D:\\Dev\\nanofreaks\\legal",
    "status": "resolved"
  },
  "19 debug pnpm:fetching-progress": {
    "attempt": 1,
    "packageId": "registry.npmjs.org/svelte/3.38.2",
    "size": 1294145,
    "status": "started"
  },
  "20 debug pnpm:progress": {
    "packageId": "registry.npmjs.org/eslint/7.27.0",
    "requester": "D:\\Dev\\nanofreaks\\legal",
    "status": "fetched"
  },
  "21 debug pnpm:_dependency_resolved": {
    "resolution": "registry.npmjs.org/eslint-plugin-svelte3/3.2.0",
    "wanted": {
      "dependentId": ".",
      "name": "eslint-plugin-svelte3",
      "rawSpec": "^3.2.0"
    }
  },
  "22 debug pnpm:progress": {
    "packageId": "registry.npmjs.org/eslint-plugin-svelte3/3.2.0",
    "requester": "D:\\Dev\\nanofreaks\\legal",
    "status": "resolved"
  },
  "23 debug pnpm:update-check": {
    "currentVersion": "6.2.1",
    "latestVersion": "6.4.0"
  },
  "24 debug pnpm:fetching-progress": {
    "attempt": 1,
    "packageId": "registry.npmjs.org/eslint-plugin-svelte3/3.2.0",
    "size": 13888,
    "status": "started"
  },
  "25 debug pnpm:progress": {
    "packageId": "registry.npmjs.org/eslint-plugin-svelte3/3.2.0",
    "requester": "D:\\Dev\\nanofreaks\\legal",
    "status": "fetched"
  },
  "26 debug pnpm:_dependency_resolved": {
    "resolution": "registry.npmjs.org/svelte-preprocess/4.7.3",
    "wanted": {
      "dependentId": ".",
      "name": "svelte-preprocess",
      "rawSpec": "^4.0.0"
    }
  },
  "27 debug pnpm:progress": {
    "packageId": "registry.npmjs.org/svelte-preprocess/4.7.3",
    "requester": "D:\\Dev\\nanofreaks\\legal",
    "status": "resolved"
  },
  "28 debug pnpm:_dependency_resolved": {
    "resolution": "registry.npmjs.org/prettier-plugin-svelte/2.3.0",
    "wanted": {
      "dependentId": ".",
      "name": "prettier-plugin-svelte",
      "rawSpec": "^2.2.0"
    }
  },
  "29 debug pnpm:progress": {
    "packageId": "registry.npmjs.org/prettier-plugin-svelte/2.3.0",
    "requester": "D:\\Dev\\nanofreaks\\legal",
    "status": "resolved"
  },
  "30 debug pnpm:_dependency_resolved": {
    "resolution": "registry.npmjs.org/@typescript-eslint/parser/4.25.0",
    "wanted": {
      "dependentId": ".",
      "name": "@typescript-eslint/parser",
      "rawSpec": "^4.19.0"
    }
  },
  "31 debug pnpm:progress": {
    "packageId": "registry.npmjs.org/@typescript-eslint/parser/4.25.0",
    "requester": "D:\\Dev\\nanofreaks\\legal",
    "status": "resolved"
  },
  "32 debug pnpm:fetching-progress": {
    "attempt": 1,
    "packageId": "registry.npmjs.org/prettier-plugin-svelte/2.3.0",
    "size": 47456,
    "status": "started"
  },
  "33 debug pnpm:fetching-progress": {
    "attempt": 1,
    "packageId": "registry.npmjs.org/svelte-preprocess/4.7.3",
    "size": 29399,
    "status": "started"
  },
  "34 debug pnpm:fetching-progress": {
    "attempt": 1,
    "packageId": "registry.npmjs.org/@typescript-eslint/parser/4.25.0",
    "size": 15411,
    "status": "started"
  },
  "35 debug pnpm:progress": {
    "packageId": "registry.npmjs.org/prettier-plugin-svelte/2.3.0",
    "requester": "D:\\Dev\\nanofreaks\\legal",
    "status": "fetched"
  },
  "36 debug pnpm:progress": {
    "packageId": "registry.npmjs.org/svelte-preprocess/4.7.3",
    "requester": "D:\\Dev\\nanofreaks\\legal",
    "status": "fetched"
  },
  "37 debug pnpm:progress": {
    "packageId": "registry.npmjs.org/@typescript-eslint/parser/4.25.0",
    "requester": "D:\\Dev\\nanofreaks\\legal",
    "status": "fetched"
  },
  "38 debug pnpm:progress": {
    "packageId": "registry.npmjs.org/svelte/3.38.2",
    "requester": "D:\\Dev\\nanofreaks\\legal",
    "status": "fetched"
  },
  "39 debug pnpm:_dependency_resolved": {
    "resolution": "registry.npmjs.org/@typescript-eslint/eslint-plugin/4.25.0",
    "wanted": {
      "dependentId": ".",
      "name": "@typescript-eslint/eslint-plugin",
      "rawSpec": "^4.19.0"
    }
  },
  "40 debug pnpm:progress": {
    "packageId": "registry.npmjs.org/@typescript-eslint/eslint-plugin/4.25.0",
    "requester": "D:\\Dev\\nanofreaks\\legal",
    "status": "resolved"
  },
  "41 debug pnpm:fetching-progress": {
    "attempt": 1,
    "packageId": "registry.npmjs.org/@typescript-eslint/eslint-plugin/4.25.0",
    "size": 413070,
    "status": "started"
  },
  "42 debug pnpm:_dependency_resolved": {
    "resolution": "registry.npmjs.org/typescript/4.2.4",
    "wanted": {
      "dependentId": ".",
      "name": "typescript",
      "rawSpec": "^4.0.0"
    }
  },
  "43 debug pnpm:progress": {
    "packageId": "registry.npmjs.org/typescript/4.2.4",
    "requester": "D:\\Dev\\nanofreaks\\legal",
    "status": "resolved"
  },
  "44 debug pnpm:progress": {
    "packageId": "registry.npmjs.org/typescript/4.2.4",
    "requester": "D:\\Dev\\nanofreaks\\legal",
    "status": "found_in_store"
  },
  "45 debug pnpm:progress": {
    "packageId": "registry.npmjs.org/@typescript-eslint/eslint-plugin/4.25.0",
    "requester": "D:\\Dev\\nanofreaks\\legal",
    "status": "fetched"
  },
  "46 debug pnpm:_dependency_resolved": {
    "resolution": "registry.npmjs.org/@sveltejs/kit/1.0.0-next.109",
    "wanted": {
      "dependentId": ".",
      "name": "@sveltejs/kit",
      "rawSpec": "next"
    }
  },
  "47 warn pnpm:install-check": {
    "message": "Unsupported engine for registry.npmjs.org/@sveltejs/kit/1.0.0-next.109: wanted: {\"node\":\"^12.20 || ^14.13.1 || >= 16\"} (current: {\"node\":\"v12.19.0\",\"pnpm\":\"6.2.1\"})",
    "prefix": "D:\\Dev\\nanofreaks\\legal"
  },
  "48 error pnpm": {
    "code": "ERR_PNPM_UNSUPPORTED_ENGINE",
    "packageId": "registry.npmjs.org/@sveltejs/kit/1.0.0-next.109",
    "wanted": {
      "node": "^12.20 || ^14.13.1 || >= 16"
    },
    "current": {
      "node": "v12.19.0",
      "pnpm": "6.2.1"
    },
    "err": {
      "name": "Error",
      "message": "Unsupported engine for registry.npmjs.org/@sveltejs/kit/1.0.0-next.109: wanted: {\"node\":\"^12.20 || ^14.13.1 || >= 16\"} (current: {\"node\":\"v12.19.0\",\"pnpm\":\"6.2.1\"})",
      "code": "ERR_PNPM_UNSUPPORTED_ENGINE",
      "stack": "Error: Unsupported engine for registry.npmjs.org/@sveltejs/kit/1.0.0-next.109: wanted: {\"node\":\"^12.20 || ^14.13.1 || >= 16\"} (current: {\"node\":\"v12.19.0\",\"pnpm\":\"6.2.1\"})\n    at Object.checkEngine [as default] (C:\\Users\\tommy\\AppData\\Roaming\\npm\\pnpm-global\\5\\node_modules\\.pnpm\\pnpm@6.2.1\\node_modules\\pnpm\\dist\\pnpm.cjs:40822:14)\n    at checkPackage (C:\\Users\\tommy\\AppData\\Roaming\\npm\\pnpm-global\\5\\node_modules\\.pnpm\\pnpm@6.2.1\\node_modules\\pnpm\\dist\\pnpm.cjs:40962:97)\n    at Object.packageIsInstallable [as default] (C:\\Users\\tommy\\AppData\\Roaming\\npm\\pnpm-global\\5\\node_modules\\.pnpm\\pnpm@6.2.1\\node_modules\\pnpm\\dist\\pnpm.cjs:40932:18)\n    at resolveDependency (C:\\Users\\tommy\\AppData\\Roaming\\npm\\pnpm-global\\5\\node_modules\\.pnpm\\pnpm@6.2.1\\node_modules\\pnpm\\dist\\pnpm.cjs:111754:79)\n    at runMicrotasks (<anonymous>)\n    at processTicksAndRejections (internal/process/task_queues.js:97:5)\n    at async resolveDependenciesOfDependency (C:\\Users\\tommy\\AppData\\Roaming\\npm\\pnpm-global\\5\\node_modules\\.pnpm\\pnpm@6.2.1\\node_modules\\pnpm\\dist\\pnpm.cjs:111478:37)\n    at async Promise.all (index 0)\n    at async Object.resolveDependencies [as default] (C:\\Users\\tommy\\AppData\\Roaming\\npm\\pnpm-global\\5\\node_modules\\.pnpm\\pnpm@6.2.1\\node_modules\\pnpm\\dist\\pnpm.cjs:111448:27)\n    at async C:\\Users\\tommy\\AppData\\Roaming\\npm\\pnpm-global\\5\\node_modules\\.pnpm\\pnpm@6.2.1\\node_modules\\pnpm\\dist\\pnpm.cjs:111991:45"
    }
  }
}